d:\device_resource_package_v3.0\device_resource_package_v3.0\debug\device_resource_package_v3.0.pch
d:\device_resource_package_v3.0\device_resource_package_v3.0\debug\vc140.pdb
d:\device_resource_package_v3.0\device_resource_package_v3.0\debug\stdafx.obj
d:\device_resource_package_v3.0\device_resource_package_v3.0\debug\myclass.obj
d:\device_resource_package_v3.0\device_resource_package_v3.0\debug\main.obj
d:\device_resource_package_v3.0\device_resource_package_v3.0\debug\moc_myclass.obj
d:\device_resource_package_v3.0\device_resource_package_v3.0\debug\qrc_myclass.obj
d:\device_resource_package_v3.0\device_resource_package_v3.0\generatedfiles\ui_myclass.h
d:\device_resource_package_v3.0\device_resource_package_v3.0\generatedfiles\qrc_myclass.cpp
d:\device_resource_package_v3.0\device_resource_package_v3.0\generatedfiles\debug\moc_myclass.cpp
d:\device_resource_package_v3.0\win32\debug\device_resource_package_v3.0.ilk
d:\device_resource_package_v3.0\win32\debug\device_resource_package_v3.0.exe
d:\device_resource_package_v3.0\win32\debug\device_resource_package_v3.0.pdb
d:\device_resource_package_v3.0\device_resource_package_v3.0\debug\device_r.b12702ad.tlog\cl.command.1.tlog
d:\device_resource_package_v3.0\device_resource_package_v3.0\debug\device_r.b12702ad.tlog\cl.read.1.tlog
d:\device_resource_package_v3.0\device_resource_package_v3.0\debug\device_r.b12702ad.tlog\cl.write.1.tlog
d:\device_resource_package_v3.0\device_resource_package_v3.0\debug\device_r.b12702ad.tlog\custombuild.command.1.tlog
d:\device_resource_package_v3.0\device_resource_package_v3.0\debug\device_r.b12702ad.tlog\custombuild.read.1.tlog
d:\device_resource_package_v3.0\device_resource_package_v3.0\debug\device_r.b12702ad.tlog\custombuild.write.1.tlog
d:\device_resource_package_v3.0\device_resource_package_v3.0\debug\device_r.b12702ad.tlog\link.command.1.tlog
d:\device_resource_package_v3.0\device_resource_package_v3.0\debug\device_r.b12702ad.tlog\link.read.1.tlog
d:\device_resource_package_v3.0\device_resource_package_v3.0\debug\device_r.b12702ad.tlog\link.write.1.tlog
